<?xml version="1.0" encoding="UTF-8"?>
<!-- Generated by org.testng.reporters.JUnitReportReporter -->
<testsuite hostname="DESKTOP-2PSCSJ2" failures="0" tests="9" name="com.stctvsubscription.testcases.SubscriptionTest" time="22.590" errors="0" timestamp="2024-06-28T04:53:25 AST" skipped="0">
  <testcase classname="com.stctvsubscription.testcases.SubscriptionTest" name="verifyStcTVSubscriptionTypesforKSA" time="2.040"/>
  <system-out>
    <![CDATA[Changing country to Saudi Arabia from header
Assert on Subscription Page
Assert country<b> KSA</b> has currency code<b>: SAR</b> and currency name<b>: Saudi Riyal</b>
Assert Subscription Type<b>: PREMIUM</b> and Subcription Price<b>: 60 SAR/month</b> matches testdata]]>
  </system-out>
  <testcase classname="com.stctvsubscription.testcases.SubscriptionTest" name="verifyStcTVSubscriptionTypesforKSA" time="2.561"/>
  <system-out>
    <![CDATA[Changing country to Saudi Arabia from header
Assert on Subscription Page
Assert country<b> KSA</b> has currency code<b>: SAR</b> and currency name<b>: Saudi Riyal</b>
Assert Subscription Type<b>: CLASSIC</b> and Subcription Price<b>: 25 SAR/month</b> matches testdata]]>
  </system-out>
  <testcase classname="com.stctvsubscription.testcases.SubscriptionTest" name="verifyStcTVSubscriptionTypesforKSA" time="2.485"/>
  <system-out>
    <![CDATA[Changing country to Saudi Arabia from header
Assert on Subscription Page
Assert country<b> KSA</b> has currency code<b>: SAR</b> and currency name<b>: Saudi Riyal</b>
Assert Subscription Type<b>: LITE</b> and Subcription Price<b>: 15 SAR/month</b> matches testdata]]>
  </system-out>
  <testcase classname="com.stctvsubscription.testcases.SubscriptionTest" name="verifyStcTVSubscriptionTypesforBahrain" time="3.632"/>
  <system-out>
    <![CDATA[Changing country to Bahrain from header
Assert on Subscription Page
Assert country<b> Bahrain</b> has currency code<b>: BHD</b> and currency name<b>: Bahraini Dinar</b>
Assert Subscription Type<b>: LITE</b> and Subcription Price<b>: 2 BHD/month</b> matches testdata]]>
  </system-out>
  <testcase classname="com.stctvsubscription.testcases.SubscriptionTest" name="verifyStcTVSubscriptionTypesforBahrain" time="2.031"/>
  <system-out>
    <![CDATA[Changing country to Bahrain from header
Assert on Subscription Page
Assert country<b> Bahrain</b> has currency code<b>: BHD</b> and currency name<b>: Bahraini Dinar</b>
Assert Subscription Type<b>: PREMIUM</b> and Subcription Price<b>: 6 BHD/month</b> matches testdata]]>
  </system-out>
  <testcase classname="com.stctvsubscription.testcases.SubscriptionTest" name="verifyStcTVSubscriptionTypesforBahrain" time="2.029"/>
  <system-out>
    <![CDATA[Changing country to Bahrain from header
Assert on Subscription Page
Assert country<b> Bahrain</b> has currency code<b>: BHD</b> and currency name<b>: Bahraini Dinar</b>
Assert Subscription Type<b>: CLASSIC</b> and Subcription Price<b>: 3 BHD/month</b> matches testdata]]>
  </system-out>
  <testcase classname="com.stctvsubscription.testcases.SubscriptionTest" name="verifyStcTVSubscriptionTypesforKuwait" time="3.760"/>
  <system-out>
    <![CDATA[Changing country to Kuwait from header
Assert on Subscription Page
Assert country<b> Kuwait</b> has currency code<b>: KWD</b> and currency name<b>: Kuwaiti Dinar</b>
Assert Subscription Type<b>: LITE</b> and Subcription Price<b>: 1.2 KWD/month</b> matches testdata]]>
  </system-out>
  <testcase classname="com.stctvsubscription.testcases.SubscriptionTest" name="verifyStcTVSubscriptionTypesforKuwait" time="2.063"/>
  <system-out>
    <![CDATA[Changing country to Kuwait from header
Assert on Subscription Page
Assert country<b> Kuwait</b> has currency code<b>: KWD</b> and currency name<b>: Kuwaiti Dinar</b>
Assert Subscription Type<b>: PREMIUM</b> and Subcription Price<b>: 4.8 KWD/month</b> matches testdata]]>
  </system-out>
  <testcase classname="com.stctvsubscription.testcases.SubscriptionTest" name="verifyStcTVSubscriptionTypesforKuwait" time="1.989"/>
  <system-out>
    <![CDATA[Changing country to Kuwait from header
Assert on Subscription Page
Assert country<b> Kuwait</b> has currency code<b>: KWD</b> and currency name<b>: Kuwaiti Dinar</b>
Assert Subscription Type<b>: CLASSIC</b> and Subcription Price<b>: 2.5 KWD/month</b> matches testdata]]>
  </system-out>
</testsuite> <!-- com.stctvsubscription.testcases.SubscriptionTest -->
